<?xml version="1.0" encoding="UTF-8"?>
<testsuite name="Utility.DataCheckerTest" tests="1" skipped="0" failures="0" errors="0" timestamp="2023-04-30T21:40:21" hostname="omar-Linux-Distro" time="0.015">
  <properties/>
  <testcase name="checkValidIPAddress()" classname="Utility.DataCheckerTest" time="0.015"/>
  <system-out><![CDATA[]]></system-out>
  <system-err><![CDATA[]]></system-err>
</testsuite>
